<?xml version="1.0" encoding="UTF-8"?>
<!-- Generated by org.testng.reporters.JUnitReportReporter -->
<testsuite hostname="INLPF3L43V4" failures="0" tests="1" name="rahulshettyacademy.tests.ErrorValidations" time="5.433" errors="0" timestamp="2025-03-31T15:29:57 IST" skipped="0">
  <testcase classname="rahulshettyacademy.tests.ErrorValidations" name="submitOrderTest" time="5.433"/>
</testsuite> <!-- rahulshettyacademy.tests.ErrorValidations -->
