<?xml version="1.0" encoding="UTF-8"?>
<!-- Generated by org.testng.reporters.JUnitReportReporter -->
<testsuite hostname="INLPF3L43V4" failures="0" tests="1" name="rahulshettyacademy.tests.ErrorValidationsTest" time="4.284" errors="0" timestamp="2025-03-31T17:36:50 IST" skipped="0">
  <testcase classname="rahulshettyacademy.tests.ErrorValidationsTest" name="loginErrorValidation" time="4.284"/>
</testsuite> <!-- rahulshettyacademy.tests.ErrorValidationsTest -->
