<?xml version="1.0" encoding="UTF-8"?>
<!-- Generated by org.testng.reporters.JUnitReportReporter -->
<testsuite hostname="INLPF3L43V4" failures="0" tests="2" name="rahulshettyacademy.tests.PageObjectModelTest" time="24.876" errors="0" timestamp="2025-04-03T07:17:04 IST" skipped="0">
  <testcase classname="rahulshettyacademy.tests.PageObjectModelTest" name="placetheOrder" time="14.634"/>
  <testcase classname="rahulshettyacademy.tests.PageObjectModelTest" name="placetheOrder" time="10.242"/>
</testsuite> <!-- rahulshettyacademy.tests.PageObjectModelTest -->
