<?xml version="1.0" encoding="UTF-8"?>
<!-- Generated by org.testng.reporters.JUnitReportReporter -->
<testsuite hostname="INLPF3L43V4" failures="0" tests="1" name="streams.Test1" time="0.007" errors="0" timestamp="2025-03-29T12:39:21 IST" skipped="0">
  <testcase classname="streams.Test1" name="streamCollect" time="0.007"/>
</testsuite> <!-- streams.Test1 -->
